<?xml version="1.0" encoding="UTF-8"?>
<testng-results ignored="0" total="1" passed="1" failed="0" skipped="0">
  <reporter-output>
  </reporter-output>
  <suite started-at="2019-10-26T11:54:11 IST" name="Default suite" finished-at="2019-10-26T11:54:32 IST" duration-ms="20919">
    <groups>
      <group name="cucumber">
        <method signature="TestRunner.feature(cucumber.api.testng.CucumberFeatureWrapper)[pri:0, instance:Runner.TestRunner@7adda9cc]" name="feature" class="Runner.TestRunner"/>
      </group> <!-- cucumber -->
    </groups>
    <test started-at="2019-10-26T11:54:11 IST" name="Default test" finished-at="2019-10-26T11:54:32 IST" duration-ms="20919">
      <class name="Runner.TestRunner">
        <test-method is-config="true" signature="setUpClass()[pri:0, instance:Runner.TestRunner@7adda9cc]" started-at="2019-10-26T11:54:11 IST" name="setUpClass" finished-at="2019-10-26T11:54:11 IST" duration-ms="244" status="PASS">
          <reporter-output>
          </reporter-output>
        </test-method> <!-- setUpClass -->
        <test-method signature="feature(cucumber.api.testng.CucumberFeatureWrapper)[pri:0, instance:Runner.TestRunner@7adda9cc]" started-at="2019-10-26T11:54:11 IST" name="feature" description="Runs Cucumber Feature" data-provider="features" finished-at="2019-10-26T11:54:32 IST" duration-ms="20508" status="PASS">
          <params>
            <param index="0">
              <value>
                <![CDATA[BlazeDemo Flight Booking Using Maps]]>
              </value>
            </param>
          </params>
          <reporter-output>
          </reporter-output>
        </test-method> <!-- feature -->
        <test-method is-config="true" signature="tearDownClass()[pri:0, instance:Runner.TestRunner@7adda9cc]" started-at="2019-10-26T11:54:32 IST" name="tearDownClass" finished-at="2019-10-26T11:54:32 IST" duration-ms="32" status="PASS">
          <reporter-output>
          </reporter-output>
        </test-method> <!-- tearDownClass -->
      </class> <!-- Runner.TestRunner -->
    </test> <!-- Default test -->
  </suite> <!-- Default suite -->
</testng-results>
