<?xml version="1.0" encoding="UTF-8"?>
<testng-results ignored="0" total="1" passed="1" failed="0" skipped="0">
  <reporter-output>
  </reporter-output>
  <suite started-at="2019-10-26T00:02:42 IST" name="Default suite" finished-at="2019-10-26T00:03:06 IST" duration-ms="23881">
    <groups>
      <group name="cucumber">
        <method signature="TestRunner.feature(cucumber.api.testng.CucumberFeatureWrapper)[pri:0, instance:Runner.TestRunner@7adda9cc]" name="feature" class="Runner.TestRunner"/>
      </group> <!-- cucumber -->
    </groups>
    <test started-at="2019-10-26T00:02:42 IST" name="Default test" finished-at="2019-10-26T00:03:06 IST" duration-ms="23881">
      <class name="Runner.TestRunner">
        <test-method is-config="true" signature="setUpClass()[pri:0, instance:Runner.TestRunner@7adda9cc]" started-at="2019-10-26T00:02:42 IST" name="setUpClass" finished-at="2019-10-26T00:02:42 IST" duration-ms="338" status="PASS">
          <reporter-output>
          </reporter-output>
        </test-method> <!-- setUpClass -->
        <test-method signature="feature(cucumber.api.testng.CucumberFeatureWrapper)[pri:0, instance:Runner.TestRunner@7adda9cc]" started-at="2019-10-26T00:02:42 IST" name="feature" description="Runs Cucumber Feature" data-provider="features" finished-at="2019-10-26T00:03:05 IST" duration-ms="23382" status="PASS">
          <params>
            <param index="0">
              <value>
                <![CDATA[Free CRM Login Feature]]>
              </value>
            </param>
          </params>
          <reporter-output>
          </reporter-output>
        </test-method> <!-- feature -->
        <test-method is-config="true" signature="tearDownClass()[pri:0, instance:Runner.TestRunner@7adda9cc]" started-at="2019-10-26T00:03:05 IST" name="tearDownClass" finished-at="2019-10-26T00:03:06 IST" duration-ms="34" status="PASS">
          <reporter-output>
          </reporter-output>
        </test-method> <!-- tearDownClass -->
      </class> <!-- Runner.TestRunner -->
    </test> <!-- Default test -->
  </suite> <!-- Default suite -->
</testng-results>
